<?xml version="1.0" encoding="UTF-8"?>
<!-- Generated by org.testng.reporters.JUnitXMLReporter -->
<testsuite hostname="usnyxs32w7n127" name="Test" tests="2" failures="2" timestamp="29 Oct 2018 11:08:42 GMT" time="7.236" errors="0">
  <testcase name="Login" time="2.128" classname="Scripts.ValidLogin_Actitime">
    <failure type="java.lang.NullPointerException">
      <![CDATA[java.lang.NullPointerException
	at org.openqa.selenium.support.pagefactory.DefaultElementLocator.findElement(DefaultElementLocator.java:69)
	at org.openqa.selenium.support.pagefactory.internal.LocatingElementHandler.invoke(LocatingElementHandler.java:38)
	at com.sun.proxy.$Proxy6.sendKeys(Unknown Source)
	at POM.LoginPage.usernametxtbox(LoginPage.java:27)
	at Scripts.ValidLogin_Actitime.Login(ValidLogin_Actitime.java:23)
... Removed 25 stack frames]]>
    </failure>
  </testcase> <!-- Login -->
  <testcase name="Login" time="0.0" classname="Scripts.InvalidLogin_Actitime">
    <failure type="java.lang.NullPointerException">
      <![CDATA[java.lang.NullPointerException
	at org.openqa.selenium.support.pagefactory.DefaultElementLocator.findElement(DefaultElementLocator.java:69)
	at org.openqa.selenium.support.pagefactory.internal.LocatingElementHandler.invoke(LocatingElementHandler.java:38)
	at com.sun.proxy.$Proxy6.click(Unknown Source)
	at POM.LoginPage.LoginButton(LoginPage.java:37)
	at Scripts.InvalidLogin_Actitime.Login(InvalidLogin_Actitime.java:22)
... Removed 25 stack frames]]>
    </failure>
  </testcase> <!-- Login -->
</testsuite> <!-- Test -->
